<?xml version="1.0" encoding="UTF-8"?>
<!-- Generated by org.testng.reporters.JUnitReportReporter -->
<testsuite hostname="jyothisathish" failures="0" tests="2" name="testNG.Script2" time="0.005" errors="0" timestamp="2024-11-27T11:51:19 IST" skipped="0">
  <testcase classname="testNG.Script2" name="Testcase1" time="0.003"/>
  <system-out>
    <![CDATA[Dbosss]]>
  </system-out>
  <testcase classname="testNG.Script2" name="Testcase" time="0.002"/>
  <system-out>
    <![CDATA[Hellllloooo]]>
  </system-out>
</testsuite> <!-- testNG.Script2 -->
