<?xml version="1.0" encoding="UTF-8"?>
<!-- Generated by org.testng.reporters.JUnitReportReporter -->
<testsuite hostname="jyothisathish" failures="0" tests="1" name="testNG.Script01" time="0.009" errors="0" timestamp="2024-11-26T12:04:16 IST" skipped="0">
  <testcase classname="testNG.Script01" name="Testcase" time="0.009"/>
  <system-out>
    <![CDATA[Hiiii]]>
  </system-out>
</testsuite> <!-- testNG.Script01 -->
