<?xml version="1.0" encoding="UTF-8"?>
<!-- Generated by org.testng.reporters.JUnitReportReporter -->
<testsuite hostname="jyothisathish" failures="0" tests="1" name="testNG.Assertion" time="22.373" errors="0" timestamp="2024-12-06T11:41:46 IST" skipped="0">
  <testcase classname="testNG.Assertion" name="signup" time="22.373"/>
  <system-out/>
</testsuite> <!-- testNG.Assertion -->
