<?xml version="1.0" encoding="UTF-8"?>
<!-- Generated by org.testng.reporters.JUnitReportReporter -->
<testsuite hostname="jyothisathish" failures="0" tests="3" name="testNG.Script07" time="0.015" errors="0" timestamp="2024-11-27T12:20:17 IST" skipped="0">
  <testcase classname="testNG.Script07" name="diploma" time="0.002"/>
  <system-out>
    <![CDATA[passs diploma]]>
  </system-out>
  <testcase classname="testNG.Script07" name="btech" time="0.001"/>
  <system-out>
    <![CDATA[passs btech]]>
  </system-out>
  <testcase classname="testNG.Script07" name="sslc" time="0.012"/>
  <system-out>
    <![CDATA[passss sslc]]>
  </system-out>
</testsuite> <!-- testNG.Script07 -->
