<?xml version="1.0" encoding="UTF-8"?>
<!-- Generated by org.testng.reporters.JUnitReportReporter -->
<testsuite hostname="jyothisathish" failures="0" tests="3" name="testNG.Script05" time="0.015" errors="0" timestamp="2024-11-27T11:55:28 IST" skipped="0">
  <testcase classname="testNG.Script05" name="HP" time="0.012"/>
  <system-out/>
  <testcase classname="testNG.Script05" name="Login" time="0.001"/>
  <system-out/>
  <testcase classname="testNG.Script05" name="signup" time="0.002"/>
  <system-out/>
</testsuite> <!-- testNG.Script05 -->
