<?xml version="1.0" encoding="UTF-8"?>
<!-- Generated by org.testng.reporters.JUnitReportReporter -->
<testsuite hostname="jyothisathish" failures="0" tests="3" name="testNG.Script04" time="0.014" errors="0" timestamp="2024-11-27T11:51:19 IST" skipped="0">
  <testcase classname="testNG.Script04" name="Signup" time="0.002"/>
  <system-out>
    <![CDATA[signup is pass]]>
  </system-out>
  <testcase classname="testNG.Script04" name="Login" time="0.011"/>
  <system-out>
    <![CDATA[Login is passed]]>
  </system-out>
  <testcase classname="testNG.Script04" name="Login" time="0.001"/>
  <system-out>
    <![CDATA[Login is passed]]>
  </system-out>
</testsuite> <!-- testNG.Script04 -->
