<?xml version="1.0" encoding="UTF-8"?>
<!-- Generated by org.testng.reporters.JUnitReportReporter -->
<testsuite hostname="jyothisathish" failures="0" tests="1" name="testNG.Sathish" time="0.009" errors="0" timestamp="2024-12-02T22:52:43 IST" skipped="0">
  <testcase classname="testNG.Sathish" name="passkey" time="0.009"/>
  <system-out>
    <![CDATA[hello]]>
  </system-out>
</testsuite> <!-- testNG.Sathish -->
